#
# A fatal error has been detected by the Java Runtime Environment:
#
#  EXCEPTION_ACCESS_VIOLATION (0xc0000005) at pc=0x000000007017d376, pid=3100, tid=7660
#
# JRE version: Java(TM) SE Runtime Environment (8.0-b132) (build 1.8.0-b132)
# Java VM: Java HotSpot(TM) 64-Bit Server VM (25.0-b70 mixed mode windows-amd64 compressed oops)
# Problematic frame:
# V  [jvm.dll+0x42d376]
#
# Failed to write core dump. Minidumps are not enabled by default on client versions of Windows
#
# If you would like to submit a bug report, please visit:
#   http://bugreport.sun.com/bugreport/crash.jsp
#

---------------  T H R E A D  ---------------

Current thread (0x0000000022671800):  JavaThread "C2 CompilerThread0" daemon [_thread_in_native, id=7660, stack(0x0000000024350000,0x0000000024450000)]

siginfo: ExceptionCode=0xc0000005, reading address 0x0000008000000000

Registers:
RAX=0x000000007036c7d8, RBX=0x000000002586df28, RCX=0x0000008000000000, RDX=0x000000002586df28
RSP=0x000000002444bf90, RBP=0x0000000000000d39, RSI=0x000000002444cb60, RDI=0x000000002444d4e0
R8 =0x00000000008d8400, R9 =0x000000002444d578, R10=0x0000000000000001, R11=0x0000000022682fe0
R12=0x0000000025440ad0, R13=0x0000000000000d3a, R14=0x0000000000000000, R15=0x000000002444f384
RIP=0x000000007017d376, EFLAGS=0x0000000000010206

Top of Stack: (sp=0x000000002444bf90)
0x000000002444bf90:   000000002444cb60 00000000702253b4
0x000000002444bfa0:   000000002444cb60 0000000026d06928
0x000000002444bfb0:   000000002444d4e0 00000000702249b9
0x000000002444bfc0:   000000002586df28 0000000000000000
0x000000002444bfd0:   00000000254410b8 0000000000000d39
0x000000002444bfe0:   000000002586df28 0000000070227554
0x000000002444bff0:   000000002444cb60 000000002444cb60
0x000000002444c000:   00000000252d7470 000000002534bad8
0x000000002444c010:   0000000000000d3a 000000002444ec30
0x000000002444c020:   000000002586df28 0000000070226fbd
0x000000002444c030:   0000000000000d38 0000000025440ad0
0x000000002444c040:   000000002444cb60 000000002692a0c8
0x000000002444c050:   00000000000382c0 000000002701d9d8
0x000000002444c060:   0000000022670a80 0000000070191e4a
0x000000002444c070:   000000002444c170 000000002444ec30
0x000000002444c080:   00000000270159f0 0000000027019440 

Instructions: (pc=0x000000007017d376)
0x000000007017d356:   cc cc cc cc cc cc cc cc cc cc 48 89 5c 24 08 57
0x000000007017d366:   48 83 ec 20 48 8b d9 48 8b 49 38 48 85 c9 74 0a
0x000000007017d376:   48 8b 01 ff 50 50 8b f8 eb 02 33 ff 48 8b cb e8
0x000000007017d386:   56 11 09 00 48 8b 5c 24 30 03 c7 48 83 c4 20 5f 


Register to memory mapping:

RAX=0x000000007036c7d8 is an unknown value
RBX=0x000000002586df28 is an unknown value
RCX=0x0000008000000000 is an unknown value
RDX=0x000000002586df28 is an unknown value
RSP=0x000000002444bf90 is pointing into the stack for thread: 0x0000000022671800
RBP=0x0000000000000d39 is an unknown value
RSI=0x000000002444cb60 is pointing into the stack for thread: 0x0000000022671800
RDI=0x000000002444d4e0 is pointing into the stack for thread: 0x0000000022671800
R8 =0x00000000008d8400 is an unknown value
R9 =0x000000002444d578 is pointing into the stack for thread: 0x0000000022671800
R10=0x0000000000000001 is an unknown value
R11=0x0000000022682fe0 is an unknown value
R12=0x0000000025440ad0 is an unknown value
R13=0x0000000000000d3a is an unknown value
R14=0x0000000000000000 is an unknown value
R15=0x000000002444f384 is pointing into the stack for thread: 0x0000000022671800


Stack: [0x0000000024350000,0x0000000024450000],  sp=0x000000002444bf90,  free space=1007k
Native frames: (J=compiled Java code, j=interpreted, Vv=VM code, C=native code)
V  [jvm.dll+0x42d376]
V  [jvm.dll+0x4d49b9]
V  [jvm.dll+0x4d7554]
V  [jvm.dll+0x4d6fbd]
V  [jvm.dll+0x441e4a]
V  [jvm.dll+0x44368b]
V  [jvm.dll+0x427552]
V  [jvm.dll+0x96732]
V  [jvm.dll+0x96f23]
V  [jvm.dll+0x2232e4]
V  [jvm.dll+0x27baea]
C  [msvcr100.dll+0x21d9f]
C  [msvcr100.dll+0x21e3b]
C  [kernel32.dll+0x159ed]
C  [ntdll.dll+0x2c541]


Current CompileTask:
C2:  35104 3831       4       org.apache.maven.model.inheritance.DefaultInheritanceAssembler$InheritanceModelMerger::mergePluginContainer_Plugins (430 bytes)


---------------  P R O C E S S  ---------------

Java Threads: ( => current thread )
  0x000000002af59800 JavaThread "Thread-14" daemon [_thread_in_native, id=13368, stack(0x00000000281e0000,0x00000000282e0000)]
  0x000000002af58800 JavaThread "Thread-13" daemon [_thread_in_native, id=13976, stack(0x0000000028b10000,0x0000000028c10000)]
  0x0000000022714000 JavaThread "Service Thread" daemon [_thread_blocked, id=9676, stack(0x00000000248c0000,0x00000000249c0000)]
  0x000000002269e800 JavaThread "C1 CompilerThread3" daemon [_thread_blocked, id=14236, stack(0x00000000246c0000,0x00000000247c0000)]
  0x000000002268b000 JavaThread "C2 CompilerThread2" daemon [_thread_in_native, id=11924, stack(0x0000000024570000,0x0000000024670000)]
  0x0000000022680000 JavaThread "C2 CompilerThread1" daemon [_thread_blocked, id=9876, stack(0x0000000024450000,0x0000000024550000)]
=>0x0000000022671800 JavaThread "C2 CompilerThread0" daemon [_thread_in_native, id=7660, stack(0x0000000024350000,0x0000000024450000)]
  0x0000000022670000 JavaThread "Attach Listener" daemon [_thread_blocked, id=14048, stack(0x0000000024170000,0x0000000024270000)]
  0x000000002266f800 JavaThread "Signal Dispatcher" daemon [_thread_blocked, id=13396, stack(0x0000000023a50000,0x0000000023b50000)]
  0x000000002155f000 JavaThread "Finalizer" daemon [_thread_blocked, id=10084, stack(0x0000000023fb0000,0x00000000240b0000)]
  0x0000000022614800 JavaThread "Reference Handler" daemon [_thread_blocked, id=14016, stack(0x0000000023d50000,0x0000000023e50000)]
  0x0000000002178000 JavaThread "main" [_thread_in_native, id=13416, stack(0x00000000024f0000,0x00000000025f0000)]

Other Threads:
  0x0000000021555800 VMThread [stack: 0x0000000023bb0000,0x0000000023cb0000] [id=14208]
  0x0000000022715000 WatcherThread [stack: 0x0000000023e50000,0x0000000023f50000] [id=14184]

VM state:not at safepoint (normal execution)

VM Mutex/Monitor currently owned by a thread: None

Heap:
 PSYoungGen      total 70144K, used 53352K [0x0000000740000000, 0x0000000744880000, 0x00000007c0000000)
  eden space 66048K, 77% used [0x0000000740000000,0x00000007431d7ae0,0x0000000744080000)
  from space 4096K, 56% used [0x0000000744480000,0x00000007446c2568,0x0000000744880000)
  to   space 4096K, 0% used [0x0000000744080000,0x0000000744080000,0x0000000744480000)
 ParOldGen       total 391680K, used 12675K [0x0000000640000000, 0x0000000657e80000, 0x0000000740000000)
  object space 391680K, 3% used [0x0000000640000000,0x0000000640c60f38,0x0000000657e80000)
 Metaspace       used 18155K, capacity 18844K, committed 18944K, reserved 1064960K
  class space    used 2232K, capacity 2501K, committed 2560K, reserved 1048576K

Card table byte_map: [0x0000000011c80000,0x0000000012890000] byte_map_base: 0x000000000ea80000

Marking Bits: (ParMarkBitMap*) 0x00000000705013b0
 Begin Bits: [0x0000000013f60000, 0x0000000019f60000)
 End Bits:   [0x0000000019f60000, 0x000000001ff60000)

Polling page: 0x0000000000240000

CodeCache: size=245760Kb used=13406Kb max_used=13423Kb free=232353Kb
 bounds [0x00000000028c0000, 0x00000000035f0000, 0x00000000118c0000]
 total_blobs=4174 nmethods=3830 adapters=258
 compilation: enabled

Compilation events (10 events):
Event: 35.000 Thread 0x000000002269e800 nmethod 3830 0x00000000035dd210 code [0x00000000035dd360, 0x00000000035dd4b0]
Event: 35.000 Thread 0x000000002269e800 3834       3       org.codehaus.plexus.interpolation.PrefixedValueSourceWrapper::<init> (37 bytes)
Event: 35.000 Thread 0x000000002269e800 nmethod 3834 0x00000000035dd550 code [0x00000000035dd6e0, 0x00000000035ddbd8]
Event: 35.002 Thread 0x000000002269e800 3835       3       java.util.regex.Pattern$TreeInfo::<init> (9 bytes)
Event: 35.002 Thread 0x000000002269e800 nmethod 3835 0x00000000035ddd50 code [0x00000000035ddec0, 0x00000000035de150]
Event: 35.011 Thread 0x0000000022680000 nmethod 3751 0x00000000035e2d50 code [0x00000000035e3060, 0x00000000035e4ed8]
Event: 35.011 Thread 0x0000000022680000 3833       4       org.apache.maven.model.io.xpp3.MavenXpp3ReaderEx::nextTag (64 bytes)
Event: 35.012 Thread 0x0000000022680000 nmethod 3833 0x00000000035dfc90 code [0x00000000035dfde0, 0x00000000035dfed8]
Event: 35.012 Thread 0x0000000022680000 3832       4       java.util.LinkedHashMap::<init> (10 bytes)
Event: 35.013 Thread 0x0000000022680000 nmethod 3832 0x0000000003458790 code [0x00000000034588c0, 0x0000000003458938]

GC Heap History (10 events):
Event: 1.264 GC heap before
{Heap before GC invocations=14 (full 0):
 PSYoungGen      total 20992K, used 20976K [0x0000000740000000, 0x0000000742400000, 0x00000007c0000000)
  eden space 18432K, 100% used [0x0000000740000000,0x0000000741200000,0x0000000741200000)
  from space 2560K, 99% used [0x0000000741200000,0x000000074147c010,0x0000000741480000)
  to   space 3584K, 0% used [0x0000000742080000,0x0000000742080000,0x0000000742400000)
 ParOldGen       total 391680K, used 5607K [0x0000000640000000, 0x0000000657e80000, 0x0000000740000000)
  object space 391680K, 1% used [0x0000000640000000,0x0000000640579cd0,0x0000000657e80000)
 Metaspace       used 13496K, capacity 13694K, committed 13952K, reserved 1060864K
  class space    used 1724K, capacity 1809K, committed 1920K, reserved 1048576K
Event: 1.268 GC heap after
Heap after GC invocations=14 (full 0):
 PSYoungGen      total 32768K, used 2300K [0x0000000740000000, 0x0000000742500000, 0x00000007c0000000)
  eden space 29184K, 0% used [0x0000000740000000,0x0000000740000000,0x0000000741c80000)
  from space 3584K, 64% used [0x0000000742080000,0x00000007422bf190,0x0000000742400000)
  to   space 4096K, 0% used [0x0000000741c80000,0x0000000741c80000,0x0000000742080000)
 ParOldGen       total 391680K, used 7249K [0x0000000640000000, 0x0000000657e80000, 0x0000000740000000)
  object space 391680K, 1% used [0x0000000640000000,0x0000000640714540,0x0000000657e80000)
 Metaspace       used 13496K, capacity 13694K, committed 13952K, reserved 1060864K
  class space    used 1724K, capacity 1809K, committed 1920K, reserved 1048576K
}
Event: 1.527 GC heap before
{Heap before GC invocations=15 (full 0):
 PSYoungGen      total 32768K, used 31484K [0x0000000740000000, 0x0000000742500000, 0x00000007c0000000)
  eden space 29184K, 100% used [0x0000000740000000,0x0000000741c80000,0x0000000741c80000)
  from space 3584K, 64% used [0x0000000742080000,0x00000007422bf190,0x0000000742400000)
  to   space 4096K, 0% used [0x0000000741c80000,0x0000000741c80000,0x0000000742080000)
 ParOldGen       total 391680K, used 7249K [0x0000000640000000, 0x0000000657e80000, 0x0000000740000000)
  object space 391680K, 1% used [0x0000000640000000,0x0000000640714540,0x0000000657e80000)
 Metaspace       used 14256K, capacity 14570K, committed 14720K, reserved 1062912K
  class space    used 1795K, capacity 1913K, committed 1920K, reserved 1048576K
Event: 1.535 GC heap after
Heap after GC invocations=15 (full 0):
 PSYoungGen      total 33280K, used 2259K [0x0000000740000000, 0x0000000743600000, 0x00000007c0000000)
  eden space 29184K, 0% used [0x0000000740000000,0x0000000740000000,0x0000000741c80000)
  from space 4096K, 55% used [0x0000000741c80000,0x0000000741eb4fe0,0x0000000742080000)
  to   space 4096K, 0% used [0x0000000743200000,0x0000000743200000,0x0000000743600000)
 ParOldGen       total 391680K, used 8593K [0x0000000640000000, 0x0000000657e80000, 0x0000000740000000)
  object space 391680K, 2% used [0x0000000640000000,0x0000000640864540,0x0000000657e80000)
 Metaspace       used 14256K, capacity 14570K, committed 14720K, reserved 1062912K
  class space    used 1795K, capacity 1913K, committed 1920K, reserved 1048576K
}
Event: 1.771 GC heap before
{Heap before GC invocations=16 (full 0):
 PSYoungGen      total 33280K, used 31443K [0x0000000740000000, 0x0000000743600000, 0x00000007c0000000)
  eden space 29184K, 100% used [0x0000000740000000,0x0000000741c80000,0x0000000741c80000)
  from space 4096K, 55% used [0x0000000741c80000,0x0000000741eb4fe0,0x0000000742080000)
  to   space 4096K, 0% used [0x0000000743200000,0x0000000743200000,0x0000000743600000)
 ParOldGen       total 391680K, used 8593K [0x0000000640000000, 0x0000000657e80000, 0x0000000740000000)
  object space 391680K, 2% used [0x0000000640000000,0x0000000640864540,0x0000000657e80000)
 Metaspace       used 15167K, capacity 15544K, committed 15744K, reserved 1062912K
  class space    used 1923K, capacity 2066K, committed 2176K, reserved 1048576K
Event: 1.791 GC heap after
Heap after GC invocations=16 (full 0):
 PSYoungGen      total 51200K, used 2726K [0x0000000740000000, 0x0000000743600000, 0x00000007c0000000)
  eden space 47104K, 0% used [0x0000000740000000,0x0000000740000000,0x0000000742e00000)
  from space 4096K, 66% used [0x0000000743200000,0x00000007434a9ad0,0x0000000743600000)
  to   space 4096K, 0% used [0x0000000742e00000,0x0000000742e00000,0x0000000743200000)
 ParOldGen       total 391680K, used 9974K [0x0000000640000000, 0x0000000657e80000, 0x0000000740000000)
  object space 391680K, 2% used [0x0000000640000000,0x00000006409bdbf0,0x0000000657e80000)
 Metaspace       used 15167K, capacity 15544K, committed 15744K, reserved 1062912K
  class space    used 1923K, capacity 2066K, committed 2176K, reserved 1048576K
}
Event: 21.317 GC heap before
{Heap before GC invocations=17 (full 0):
 PSYoungGen      total 51200K, used 49830K [0x0000000740000000, 0x0000000743600000, 0x00000007c0000000)
  eden space 47104K, 100% used [0x0000000740000000,0x0000000742e00000,0x0000000742e00000)
  from space 4096K, 66% used [0x0000000743200000,0x00000007434a9ad0,0x0000000743600000)
  to   space 4096K, 0% used [0x0000000742e00000,0x0000000742e00000,0x0000000743200000)
 ParOldGen       total 391680K, used 9974K [0x0000000640000000, 0x0000000657e80000, 0x0000000740000000)
  object space 391680K, 2% used [0x0000000640000000,0x00000006409bdbf0,0x0000000657e80000)
 Metaspace       used 16495K, capacity 17118K, committed 17408K, reserved 1064960K
  class space    used 2040K, capacity 2248K, committed 2304K, reserved 1048576K
Event: 21.330 GC heap after
Heap after GC invocations=17 (full 0):
 PSYoungGen      total 51200K, used 1823K [0x0000000740000000, 0x0000000744880000, 0x00000007c0000000)
  eden space 47104K, 0% used [0x0000000740000000,0x0000000740000000,0x0000000742e00000)
  from space 4096K, 44% used [0x0000000742e00000,0x0000000742fc7c28,0x0000000743200000)
  to   space 4096K, 0% used [0x0000000744480000,0x0000000744480000,0x0000000744880000)
 ParOldGen       total 391680K, used 11699K [0x0000000640000000, 0x0000000657e80000, 0x0000000740000000)
  object space 391680K, 2% used [0x0000000640000000,0x0000000640b6cf38,0x0000000657e80000)
 Metaspace       used 16495K, capacity 17118K, committed 17408K, reserved 1064960K
  class space    used 2040K, capacity 2248K, committed 2304K, reserved 1048576K
}
Event: 23.953 GC heap before
{Heap before GC invocations=18 (full 0):
 PSYoungGen      total 51200K, used 48927K [0x0000000740000000, 0x0000000744880000, 0x00000007c0000000)
  eden space 47104K, 100% used [0x0000000740000000,0x0000000742e00000,0x0000000742e00000)
  from space 4096K, 44% used [0x0000000742e00000,0x0000000742fc7c28,0x0000000743200000)
  to   space 4096K, 0% used [0x0000000744480000,0x0000000744480000,0x0000000744880000)
 ParOldGen       total 391680K, used 11699K [0x0000000640000000, 0x0000000657e80000, 0x0000000740000000)
  object space 391680K, 2% used [0x0000000640000000,0x0000000640b6cf38,0x0000000657e80000)
 Metaspace       used 17961K, capacity 18640K, committed 18944K, reserved 1064960K
  class space    used 2231K, capacity 2499K, committed 2560K, reserved 1048576K
Event: 23.966 GC heap after
Heap after GC invocations=18 (full 0):
 PSYoungGen      total 70144K, used 2313K [0x0000000740000000, 0x0000000744880000, 0x00000007c0000000)
  eden space 66048K, 0% used [0x0000000740000000,0x0000000740000000,0x0000000744080000)
  from space 4096K, 56% used [0x0000000744480000,0x00000007446c2568,0x0000000744880000)
  to   space 4096K, 0% used [0x0000000744080000,0x0000000744080000,0x0000000744480000)
 ParOldGen       total 391680K, used 12675K [0x0000000640000000, 0x0000000657e80000, 0x0000000740000000)
  object space 391680K, 3% used [0x0000000640000000,0x0000000640c60f38,0x0000000657e80000)
 Metaspace       used 17961K, capacity 18640K, committed 18944K, reserved 1064960K
  class space    used 2231K, capacity 2499K, committed 2560K, reserved 1048576K
}

Deoptimization events (10 events):
Event: 23.976 Thread 0x0000000002178000 Uncommon trap: reason=class_check action=maybe_recompile pc=0x00000000032b2914 method=org.codehaus.plexus.interpolation.StringSearchInterpolator.interpolate(Ljava/lang/String;Lorg/codehaus/plexus/interpolation/RecursionInterceptor;Ljava/util/Set;)Ljava/lan!£ÃÂø˘7@
Event: 23.976 Thread 0x0000000002178000 Uncommon trap: reason=class_check action=maybe_recompile pc=0x00000000032b2914 method=org.codehaus.plexus.interpolation.StringSearchInterpolator.interpolate(Ljava/lang/String;Lorg/codehaus/plexus/interpolation/RecursionInterceptor;Ljava/util/Set;)Ljava/lan∂PEÊ¬˘7@
Event: 23.976 Thread 0x0000000002178000 Uncommon trap: reason=class_check action=maybe_recompile pc=0x00000000032b2914 method=org.codehaus.plexus.interpolation.StringSearchInterpolator.interpolate(Ljava/lang/String;Lorg/codehaus/plexus/interpolation/RecursionInterceptor;Ljava/util/Set;)Ljava/lané®›‰ƒ˘7@
Event: 23.976 Thread 0x0000000002178000 Uncommon trap: reason=class_check action=maybe_recompile pc=0x00000000032b2914 method=org.codehaus.plexus.interpolation.StringSearchInterpolator.interpolate(Ljava/lang/String;Lorg/codehaus/plexus/interpolation/RecursionInterceptor;Ljava/util/Set;)Ljava/lanÉ˙¸7@
Event: 23.988 Thread 0x0000000002178000 Uncommon trap: reason=null_check action=make_not_entrant pc=0x00000000033861d0 method=org.apache.maven.model.merge.MavenModelMerger.mergePlugin_Executions(Lorg/apache/maven/model/Plugin;Lorg/apache/maven/model/Plugin;ZLjava/util/Map;)V @ 180
Event: 23.989 Thread 0x0000000002178000 Uncommon trap: reason=class_check action=maybe_recompile pc=0x0000000002f02258 method=org.apache.maven.model.interpolation.StringSearchModelInterpolator$InterpolateObjectAction$MapField.doInterpolate(Ljava/lang/Object;Lorg/apache/maven/model/interpolation/ã¡ÿiJ˝7@
Event: 23.989 Thread 0x0000000002178000 Uncommon trap: reason=class_check action=maybe_recompile pc=0x0000000002f02258 method=org.apache.maven.model.interpolation.StringSearchModelInterpolator$InterpolateObjectAction$MapField.doInterpolate(Ljava/lang/Object;Lorg/apache/maven/model/interpolation/è√Yıs˛7@
Event: 23.994 Thread 0x0000000002178000 Uncommon trap: reason=class_check action=maybe_recompile pc=0x0000000002f02258 method=org.apache.maven.model.interpolation.StringSearchModelInterpolator$InterpolateObjectAction$MapField.doInterpolate(Ljava/lang/Object;Lorg/apache/maven/model/interpolation/#‡‘8@
Event: 24.093 Thread 0x0000000002178000 Uncommon trap: reason=null_check action=make_not_entrant pc=0x00000000033436c4 method=org.apache.maven.model.merge.MavenModelMerger.mergePlugin_Executions(Lorg/apache/maven/model/Plugin;Lorg/apache/maven/model/Plugin;ZLjava/util/Map;)V @ 180
Event: 33.871 Thread 0x00000000270d1800 Uncommon trap: reason=unreached action=reinterpret pc=0x00000000033c7160 method=java.io.BufferedReader.readLine(Z)Ljava/lang/String; @ 265

Internal exceptions (10 events):
Event: 27.799 Thread 0x0000000002178000 Exception <a 'java/security/PrivilegedActionException'> (0x0000000741cc2618) thrown at [D:\re\workspace\8-2-build-windows-amd64-cygwin\jdk8\2238\hotspot\src\share\vm\prims\jvm.cpp, line 1248]
Event: 27.799 Thread 0x0000000002178000 Exception <a 'java/security/PrivilegedActionException'> (0x0000000741cc2e98) thrown at [D:\re\workspace\8-2-build-windows-amd64-cygwin\jdk8\2238\hotspot\src\share\vm\prims\jvm.cpp, line 1248]
Event: 34.982 Thread 0x0000000002178000 Exception <a 'java/security/PrivilegedActionException'> (0x0000000742cc38c0) thrown at [D:\re\workspace\8-2-build-windows-amd64-cygwin\jdk8\2238\hotspot\src\share\vm\prims\jvm.cpp, line 1248]
Event: 34.982 Thread 0x0000000002178000 Exception <a 'java/security/PrivilegedActionException'> (0x0000000742cc5998) thrown at [D:\re\workspace\8-2-build-windows-amd64-cygwin\jdk8\2238\hotspot\src\share\vm\prims\jvm.cpp, line 1248]
Event: 34.982 Thread 0x0000000002178000 Exception <a 'java/security/PrivilegedActionException'> (0x0000000742cc61f0) thrown at [D:\re\workspace\8-2-build-windows-amd64-cygwin\jdk8\2238\hotspot\src\share\vm\prims\jvm.cpp, line 1248]
Event: 34.982 Thread 0x0000000002178000 Exception <a 'java/security/PrivilegedActionException'> (0x0000000742cc6a70) thrown at [D:\re\workspace\8-2-build-windows-amd64-cygwin\jdk8\2238\hotspot\src\share\vm\prims\jvm.cpp, line 1248]
Event: 34.982 Thread 0x0000000002178000 Exception <a 'java/security/PrivilegedActionException'> (0x0000000742cc81b8) thrown at [D:\re\workspace\8-2-build-windows-amd64-cygwin\jdk8\2238\hotspot\src\share\vm\prims\jvm.cpp, line 1248]
Event: 34.982 Thread 0x0000000002178000 Exception <a 'java/security/PrivilegedActionException'> (0x0000000742cca290) thrown at [D:\re\workspace\8-2-build-windows-amd64-cygwin\jdk8\2238\hotspot\src\share\vm\prims\jvm.cpp, line 1248]
Event: 34.982 Thread 0x0000000002178000 Exception <a 'java/security/PrivilegedActionException'> (0x0000000742ccaae8) thrown at [D:\re\workspace\8-2-build-windows-amd64-cygwin\jdk8\2238\hotspot\src\share\vm\prims\jvm.cpp, line 1248]
Event: 34.982 Thread 0x0000000002178000 Exception <a 'java/security/PrivilegedActionException'> (0x0000000742ccb368) thrown at [D:\re\workspace\8-2-build-windows-amd64-cygwin\jdk8\2238\hotspot\src\share\vm\prims\jvm.cpp, line 1248]

Events (10 events):
Event: 34.982 loading class org_scala_tools_maven/JvmArg
Event: 34.982 loading class org_scala_tools_maven/JvmArg done
Event: 34.982 loading class org_scala_tools_maven/JvmArg
Event: 34.982 loading class org_scala_tools_maven/JvmArg done
Event: 34.982 loading class org_scala_tools_maven/JvmArg
Event: 34.982 loading class org_scala_tools_maven/JvmArg done
Event: 34.982 loading class org_scala_tools_maven/JvmArg
Event: 34.982 loading class org_scala_tools_maven/JvmArg done
Event: 35.003 Thread 0x000000002af58800 Thread added: 0x000000002af58800
Event: 35.003 Thread 0x000000002af59800 Thread added: 0x000000002af59800


Dynamic libraries:
0x000000013f790000 - 0x000000013f7c4000 	G:\Program Files\Java\jdk1.8.0\bin\java.exe
0x0000000077420000 - 0x00000000775c9000 	C:\Windows\SYSTEM32\ntdll.dll
0x0000000077300000 - 0x000000007741f000 	C:\Windows\system32\kernel32.dll
0x000007fefd2a0000 - 0x000007fefd30c000 	C:\Windows\system32\KERNELBASE.dll
0x000007feff200000 - 0x000007feff2db000 	C:\Windows\system32\ADVAPI32.dll
0x000007feff690000 - 0x000007feff72f000 	C:\Windows\system32\msvcrt.dll
0x000007fefd880000 - 0x000007fefd89f000 	C:\Windows\SYSTEM32\sechost.dll
0x000007fefee50000 - 0x000007fefef7d000 	C:\Windows\system32\RPCRT4.dll
0x0000000077200000 - 0x00000000772fa000 	C:\Windows\system32\USER32.dll
0x000007fefd810000 - 0x000007fefd877000 	C:\Windows\system32\GDI32.dll
0x000007fefe8c0000 - 0x000007fefe8ce000 	C:\Windows\system32\LPK.dll
0x000007feff2f0000 - 0x000007feff3b9000 	C:\Windows\system32\USP10.dll
0x000007fefbb70000 - 0x000007fefbd64000 	C:\Windows\WinSxS\amd64_microsoft.windows.common-controls_6595b64144ccf1df_6.0.7601.17514_none_fa396087175ac9ac\COMCTL32.dll
0x000007fefe8d0000 - 0x000007fefe941000 	C:\Windows\system32\SHLWAPI.dll
0x000007feff1d0000 - 0x000007feff1fe000 	C:\Windows\system32\IMM32.DLL
0x000007fefec80000 - 0x000007fefed89000 	C:\Windows\system32\MSCTF.dll
0x0000000062eb0000 - 0x0000000062f82000 	G:\Program Files\Java\jdk1.8.0\jre\bin\msvcr100.dll
0x000000006fd50000 - 0x000000007057a000 	G:\Program Files\Java\jdk1.8.0\jre\bin\server\jvm.dll
0x000007fef9440000 - 0x000007fef9449000 	C:\Windows\system32\WSOCK32.dll
0x000007fefe690000 - 0x000007fefe6dd000 	C:\Windows\system32\WS2_32.dll
0x000007feff2e0000 - 0x000007feff2e8000 	C:\Windows\system32\NSI.dll
0x000007fef9780000 - 0x000007fef97bb000 	C:\Windows\system32\WINMM.dll
0x00000000775e0000 - 0x00000000775e7000 	C:\Windows\system32\PSAPI.DLL
0x0000000066ad0000 - 0x0000000066adf000 	G:\Program Files\Java\jdk1.8.0\jre\bin\verify.dll
0x0000000062e80000 - 0x0000000062ea8000 	G:\Program Files\Java\jdk1.8.0\jre\bin\java.dll
0x0000000062e60000 - 0x0000000062e76000 	G:\Program Files\Java\jdk1.8.0\jre\bin\zip.dll
0x000007fefd900000 - 0x000007fefe688000 	C:\Windows\system32\SHELL32.dll
0x000007fefea70000 - 0x000007fefec73000 	C:\Windows\system32\ole32.dll
0x000007fefd1f0000 - 0x000007fefd1ff000 	C:\Windows\system32\profapi.dll
0x0000000062e40000 - 0x0000000062e5a000 	G:\Program Files\Java\jdk1.8.0\jre\bin\net.dll
0x0000000180000000 - 0x0000000180035000 	C:\Windows\system32\BfLLR.dll
0x000007fefc360000 - 0x000007fefc387000 	C:\Windows\system32\IPHLPAPI.DLL
0x000007fefc350000 - 0x000007fefc35b000 	C:\Windows\system32\WINNSI.DLL
0x000007fefc330000 - 0x000007fefc348000 	C:\Windows\system32\dhcpcsvc.DLL
0x000007fefc310000 - 0x000007fefc321000 	C:\Windows\system32\dhcpcsvc6.DLL
0x000007fefc980000 - 0x000007fefc9d5000 	C:\Windows\system32\mswsock.dll
0x000007fefc970000 - 0x000007fefc977000 	C:\Windows\System32\wship6.dll
0x0000000061b70000 - 0x0000000061b81000 	G:\Program Files\Java\jdk1.8.0\jre\bin\nio.dll
0x000007fefcbd0000 - 0x000007fefcbe7000 	C:\Windows\system32\CRYPTSP.dll
0x000007fefc580000 - 0x000007fefc5c7000 	C:\Windows\system32\rsaenh.dll
0x000007fefd230000 - 0x000007fefd24e000 	C:\Windows\system32\USERENV.dll
0x000007fefd080000 - 0x000007fefd08f000 	C:\Windows\system32\CRYPTBASE.dll
0x000007fefaf30000 - 0x000007fefaf45000 	C:\Windows\system32\NLAapi.dll
0x000007fef7040000 - 0x000007fef7055000 	C:\Windows\system32\napinsp.dll
0x000007fef7020000 - 0x000007fef7039000 	C:\Windows\system32\pnrpnsp.dll
0x000007fef7010000 - 0x000007fef7020000 	C:\Windows\system32\wshbth.dll
0x000007fefc7a0000 - 0x000007fefc7fb000 	C:\Windows\system32\DNSAPI.dll
0x000007fef7000000 - 0x000007fef700b000 	C:\Windows\System32\winrnr.dll
0x0000000072ac0000 - 0x0000000072ae6000 	C:\Program Files\Bonjour\mdnsNSP.dll
0x000007fef9ee0000 - 0x000007fef9f33000 	C:\Windows\System32\fwpuclnt.dll
0x000007fef8b10000 - 0x000007fef8b18000 	C:\Windows\system32\rasadhlp.dll
0x000007fefcfe0000 - 0x000007fefd037000 	C:\Windows\system32\apphelp.dll
0x000007fefab00000 - 0x000007fefac25000 	C:\Windows\system32\dbghelp.dll

VM Arguments:
jvm_args: -Djava.net.preferIPv4Stack=true -Dclassworlds.conf=G:\keep\dev\apache-maven-3.1.1\bin\m2.conf -Dmaven.home=G:\keep\dev\apache-maven-3.1.1 
java_command: org.codehaus.plexus.classworlds.launcher.Launcher clean install
java_class_path (initial): G:\keep\dev\apache-maven-3.1.1\boot\plexus-classworlds-2.5.1.jar
Launcher Type: SUN_STANDARD

Environment Variables:
JAVA_HOME=G:\Program Files\Java\jdk1.8.0
JAVA_TOOL_OPTIONS=-Djava.net.preferIPv4Stack=true
PATH=C:\Program Files (x86)\NVIDIA Corporation\PhysX\Common;G:\keep\bin;C:\Program Files (x86)\Haskell\bin;G:\Program Files (x86)\Haskell Platform\2013.2.0.0\lib\extralibs\bin;G:\Program Files (x86)\Haskell Platform\2013.2.0.0\bin;C:\Windows\system32;C:\Windows;C:\Windows\System32\Wbem;C:\Windows\System32\WindowsPowerShell\v1.0\;G:\Program Files (x86)\Git\cmd;G:\Program Files (x86)\Bazaar;G:\keep\dev\apache-maven-3.1.1\bin;G:\Program Files (x86)\Haskell Platform\2013.2.0.0\mingw\bin;G:\Program Files (x86)\scala\bin;G:\Program Files (x86)\Graphviz2.36\bin;G:\Program Files (x86)\QuickTime\QTSystem\;C:\Users\Sean\AppData\Roaming\cabal\bin
USERNAME=Sean
OS=Windows_NT
PROCESSOR_IDENTIFIER=Intel64 Family 6 Model 44 Stepping 2, GenuineIntel



---------------  S Y S T E M  ---------------

OS: Windows 7 , 64 bit Build 7601 Service Pack 1

CPU:total 12 (6 cores per cpu, 2 threads per core) family 6 model 44 stepping 2, cmov, cx8, fxsr, mmx, sse, sse2, sse3, ssse3, sse4.1, sse4.2, popcnt, aes, clmul, ht, tsc, tscinvbit

Memory: 4k page, physical 25164176k(20868864k free), swap 50326496k(42365280k free)

vm_info: Java HotSpot(TM) 64-Bit Server VM (25.0-b70) for windows-amd64 JRE (1.8.0-b132), built on Mar  4 2014 03:46:18 by "java_re" with MS VC++ 10.0 (VS2010)

time: Sun Feb 15 02:06:19 2015
elapsed time: 35 seconds

